<?xml version="1.0" encoding="UTF-8"?>
<mappings xmlns="http://dozer.sourceforge.net"
          xmlns:xsi="http://www.w3.org/2001/XMLSchema-instance"
          xsi:schemaLocation="http://dozer.sourceforge.net
      http://dozer.sourceforge.net/schema/beanmapping.xsd">
    <mapping>
        <class-a>com.flyingsh4rk.test.model.A</class-a>
        <class-b>com.flyingsh4rk.test.model.B</class-b>
        <field>
            <a>a1</a>
            <b>b1</b>
        </field>
        <field>
            <a>a1</a>
            <b>b1</b>
        </field>
    </mapping>
    <mapping>
        <class-a>com.flyingsh4rk.test.model.C</class-a>
        <class-b>com.flyingsh4rk.test.model.D</class-b>
        <field>
            <a>c1</a>
            <b>d1</b>
        </field>
    </mapping>
</mappings>